ProyectoFinal_TripSplit/app/build/intermediates/manifest_merge_blame_file/release/processReleaseMainManifest/manifest-merger-blame-release-report.txt
1<?xml version="1.0" encoding="utf-8"?>
2<manifest xmlns:android="http://schemas.android.com/apk/res/android"
3    package="armenta.jose.proyectofinal_tripsplit"
4    android:versionCode="1"
5    android:versionName="1.0" >
6
7    <uses-sdk
8        android:minSdkVersion="21"
9        android:targetSdkVersion="35" />
10
11    <permission
11-->[androidx.core:core:1.15.0] AndroidManifest.xml:22:5-24:47
12        android:name="armenta.jose.proyectofinal_tripsplit.DYNAMIC_RECEIVER_NOT_EXPORTED_PERMISSION"
12-->[androidx.core:core:1.15.0] AndroidManifest.xml:23:9-81
13        android:protectionLevel="signature" />
13-->[androidx.core:core:1.15.0] AndroidManifest.xml:24:9-44
14
15    <uses-permission android:name="armenta.jose.proyectofinal_tripsplit.DYNAMIC_RECEIVER_NOT_EXPORTED_PERMISSION" />
15-->[androidx.core:core:1.15.0] AndroidManifest.xml:26:5-97
15-->[androidx.core:core:1.15.0] AndroidManifest.xml:26:22-94
16
17    <application
17-->src/main/AndroidManifest.xml:5:5-56:19
18        android:allowBackup="true"
18-->src/main/AndroidManifest.xml:6:9-35
19        android:appComponentFactory="androidx.core.app.CoreComponentFactory"
19-->[androidx.core:core:1.15.0] AndroidManifest.xml:28:18-86
20        android:dataExtractionRules="@xml/data_extraction_rules"
20-->src/main/AndroidManifest.xml:7:9-65
21        android:extractNativeLibs="true"
22        android:fullBackupContent="@xml/backup_rules"
22-->src/main/AndroidManifest.xml:8:9-54
23        android:icon="@mipmap/ic_launcher"
23-->src/main/AndroidManifest.xml:9:9-43
24        android:label="@string/app_name"
24-->src/main/AndroidManifest.xml:10:9-41
25        android:roundIcon="@mipmap/ic_launcher_round"
25-->src/main/AndroidManifest.xml:11:9-54
26        android:supportsRtl="true"
26-->src/main/AndroidManifest.xml:12:9-35
27        android:theme="@style/Theme.ProyectoFinal_TripSplit" >
27-->src/main/AndroidManifest.xml:13:9-61
28        <activity
28-->src/main/AndroidManifest.xml:15:9-17:40
29            android:name="armenta.jose.proyectofinal_tripsplit.CrearGrupo"
29-->src/main/AndroidManifest.xml:16:13-39
30            android:exported="false" />
30-->src/main/AndroidManifest.xml:17:13-37
31        <activity
31-->src/main/AndroidManifest.xml:18:9-20:40
32            android:name="armenta.jose.proyectofinal_tripsplit.reporte_gastos"
32-->src/main/AndroidManifest.xml:19:13-43
33            android:exported="false" />
33-->src/main/AndroidManifest.xml:20:13-37
34        <activity
34-->src/main/AndroidManifest.xml:21:9-23:40
35            android:name="armenta.jose.proyectofinal_tripsplit.pantalla_principal"
35-->src/main/AndroidManifest.xml:22:13-47
36            android:exported="false" />
36-->src/main/AndroidManifest.xml:23:13-37
37        <activity
37-->src/main/AndroidManifest.xml:24:9-26:40
38            android:name="armenta.jose.proyectofinal_tripsplit.DetalleGastoActivity"
38-->src/main/AndroidManifest.xml:25:13-49
39            android:exported="false" />
39-->src/main/AndroidManifest.xml:26:13-37
40        <activity
40-->src/main/AndroidManifest.xml:27:9-29:40
41            android:name="armenta.jose.proyectofinal_tripsplit.CodigoGrupoActivity"
41-->src/main/AndroidManifest.xml:28:13-48
42            android:exported="false" />
42-->src/main/AndroidManifest.xml:29:13-37
43        <activity
43-->src/main/AndroidManifest.xml:30:9-32:40
44            android:name="armenta.jose.proyectofinal_tripsplit.MainActivity"
44-->src/main/AndroidManifest.xml:31:13-41
45            android:exported="false" />
45-->src/main/AndroidManifest.xml:32:13-37
46        <activity
46-->src/main/AndroidManifest.xml:33:9-36:71
47            android:name="armenta.jose.proyectofinal_tripsplit.RegistrarGastos"
47-->src/main/AndroidManifest.xml:34:13-44
48            android:exported="false"
48-->src/main/AndroidManifest.xml:35:13-37
49            android:label="@string/title_activity_registrar_gastos" />
49-->src/main/AndroidManifest.xml:36:13-68
50        <activity
50-->src/main/AndroidManifest.xml:37:9-40:59
51            android:name="armenta.jose.proyectofinal_tripsplit.Home"
51-->src/main/AndroidManifest.xml:38:13-33
52            android:exported="false"
52-->src/main/AndroidManifest.xml:39:13-37
53            android:label="@string/title_activity_home" />
53-->src/main/AndroidManifest.xml:40:13-56
54        <activity
54-->src/main/AndroidManifest.xml:41:9-43:40
55            android:name="armenta.jose.proyectofinal_tripsplit.Login"
55-->src/main/AndroidManifest.xml:42:13-34
56            android:exported="false" />
56-->src/main/AndroidManifest.xml:43:13-37
57        <activity
57-->src/main/AndroidManifest.xml:44:9-46:40
58            android:name="armenta.jose.proyectofinal_tripsplit.CrearCuentaActivity"
58-->src/main/AndroidManifest.xml:45:13-48
59            android:exported="false" />
59-->src/main/AndroidManifest.xml:46:13-37
60        <activity
60-->src/main/AndroidManifest.xml:47:9-55:20
61            android:name="armenta.jose.proyectofinal_tripsplit.InicioActivity"
61-->src/main/AndroidManifest.xml:48:13-43
62            android:exported="true" >
62-->src/main/AndroidManifest.xml:49:13-36
63            <intent-filter>
63-->src/main/AndroidManifest.xml:50:13-54:29
64                <action android:name="android.intent.action.MAIN" />
64-->src/main/AndroidManifest.xml:51:17-69
64-->src/main/AndroidManifest.xml:51:25-66
65
66                <category android:name="android.intent.category.LAUNCHER" />
66-->src/main/AndroidManifest.xml:53:17-77
66-->src/main/AndroidManifest.xml:53:27-74
67            </intent-filter>
68        </activity>
69
70        <provider
70-->[androidx.emoji2:emoji2:1.3.0] AndroidManifest.xml:24:9-32:20
71            android:name="androidx.startup.InitializationProvider"
71-->[androidx.emoji2:emoji2:1.3.0] AndroidManifest.xml:25:13-67
72            android:authorities="armenta.jose.proyectofinal_tripsplit.androidx-startup"
72-->[androidx.emoji2:emoji2:1.3.0] AndroidManifest.xml:26:13-68
73            android:exported="false" >
73-->[androidx.emoji2:emoji2:1.3.0] AndroidManifest.xml:27:13-37
74            <meta-data
74-->[androidx.emoji2:emoji2:1.3.0] AndroidManifest.xml:29:13-31:52
75                android:name="androidx.emoji2.text.EmojiCompatInitializer"
75-->[androidx.emoji2:emoji2:1.3.0] AndroidManifest.xml:30:17-75
76                android:value="androidx.startup" />
76-->[androidx.emoji2:emoji2:1.3.0] AndroidManifest.xml:31:17-49
77            <meta-data
77-->[androidx.lifecycle:lifecycle-process:2.8.7] AndroidManifest.xml:29:13-31:52
78                android:name="androidx.lifecycle.ProcessLifecycleInitializer"
78-->[androidx.lifecycle:lifecycle-process:2.8.7] AndroidManifest.xml:30:17-78
79                android:value="androidx.startup" />
79-->[androidx.lifecycle:lifecycle-process:2.8.7] AndroidManifest.xml:31:17-49
80            <meta-data
80-->[androidx.profileinstaller:profileinstaller:1.4.0] AndroidManifest.xml:29:13-31:52
81                android:name="androidx.profileinstaller.ProfileInstallerInitializer"
81-->[androidx.profileinstaller:profileinstaller:1.4.0] AndroidManifest.xml:30:17-85
82                android:value="androidx.startup" />
82-->[androidx.profileinstaller:profileinstaller:1.4.0] AndroidManifest.xml:31:17-49
83        </provider>
84
85        <uses-library
85-->[androidx.window:window:1.0.0] AndroidManifest.xml:25:9-27:40
86            android:name="androidx.window.extensions"
86-->[androidx.window:window:1.0.0] AndroidManifest.xml:26:13-54
87            android:required="false" />
87-->[androidx.window:window:1.0.0] AndroidManifest.xml:27:13-37
88        <uses-library
88-->[androidx.window:window:1.0.0] AndroidManifest.xml:28:9-30:40
89            android:name="androidx.window.sidecar"
89-->[androidx.window:window:1.0.0] AndroidManifest.xml:29:13-51
90            android:required="false" />
90-->[androidx.window:window:1.0.0] AndroidManifest.xml:30:13-37
91
92        <receiver
92-->[androidx.profileinstaller:profileinstaller:1.4.0] AndroidManifest.xml:34:9-52:20
93            android:name="androidx.profileinstaller.ProfileInstallReceiver"
93-->[androidx.profileinstaller:profileinstaller:1.4.0] AndroidManifest.xml:35:13-76
94            android:directBootAware="false"
94-->[androidx.profileinstaller:profileinstaller:1.4.0] AndroidManifest.xml:36:13-44
95            android:enabled="true"
95-->[androidx.profileinstaller:profileinstaller:1.4.0] AndroidManifest.xml:37:13-35
96            android:exported="true"
96-->[androidx.profileinstaller:profileinstaller:1.4.0] AndroidManifest.xml:38:13-36
97            android:permission="android.permission.DUMP" >
97-->[androidx.profileinstaller:profileinstaller:1.4.0] AndroidManifest.xml:39:13-57
98            <intent-filter>
98-->[androidx.profileinstaller:profileinstaller:1.4.0] AndroidManifest.xml:40:13-42:29
99                <action android:name="androidx.profileinstaller.action.INSTALL_PROFILE" />
99-->[androidx.profileinstaller:profileinstaller:1.4.0] AndroidManifest.xml:41:17-91
99-->[androidx.profileinstaller:profileinstaller:1.4.0] AndroidManifest.xml:41:25-88
100            </intent-filter>
101            <intent-filter>
101-->[androidx.profileinstaller:profileinstaller:1.4.0] AndroidManifest.xml:43:13-45:29
102                <action android:name="androidx.profileinstaller.action.SKIP_FILE" />
102-->[androidx.profileinstaller:profileinstaller:1.4.0] AndroidManifest.xml:44:17-85
102-->[androidx.profileinstaller:profileinstaller:1.4.0] AndroidManifest.xml:44:25-82
103            </intent-filter>
104            <intent-filter>
104-->[androidx.profileinstaller:profileinstaller:1.4.0] AndroidManifest.xml:46:13-48:29
105                <action android:name="androidx.profileinstaller.action.SAVE_PROFILE" />
105-->[androidx.profileinstaller:profileinstaller:1.4.0] AndroidManifest.xml:47:17-88
105-->[androidx.profileinstaller:profileinstaller:1.4.0] AndroidManifest.xml:47:25-85
106            </intent-filter>
107            <intent-filter>
107-->[androidx.profileinstaller:profileinstaller:1.4.0] AndroidManifest.xml:49:13-51:29
108                <action android:name="androidx.profileinstaller.action.BENCHMARK_OPERATION" />
108-->[androidx.profileinstaller:profileinstaller:1.4.0] AndroidManifest.xml:50:17-95
108-->[androidx.profileinstaller:profileinstaller:1.4.0] AndroidManifest.xml:50:25-92
109            </intent-filter>
110        </receiver>
111    </application>
112
113</manifest>